{"type":"server-started","port":54542,"host":"127.0.0.1","url_host":"localhost","url":"http://localhost:54542","screen_dir":"/Users/nandarizkika/Documents/Project/trip_spending/.superpowers/brainstorm/81342-1776274246/content","state_dir":"/Users/nandarizkika/Documents/Project/trip_spending/.superpowers/brainstorm/81342-1776274246/state"}
{"type":"screen-added","file":"/Users/nandarizkika/Documents/Project/trip_spending/.superpowers/brainstorm/81342-1776274246/content/screens-overview.html"}
{"type":"screen-updated","file":"/Users/nandarizkika/Documents/Project/trip_spending/.superpowers/brainstorm/81342-1776274246/content/screens-overview.html"}
{"type":"screen-updated","file":"/Users/nandarizkika/Documents/Project/trip_spending/.superpowers/brainstorm/81342-1776274246/content/screens-overview.html"}
{"type":"screen-updated","file":"/Users/nandarizkika/Documents/Project/trip_spending/.superpowers/brainstorm/81342-1776274246/content/screens-overview.html"}
{"source":"user-event","type":"click","text":"TripSplit\n        Track & split trip expenses\n        + Create New Trip\n        — or —\n        \n          \n          Join\n        \n      \n    \n    \n      Home\n      Create a new trip or join one via code","choice":"home","id":null,"timestamp":1776274733267}
{"source":"user-event","type":"click","text":"Add Expense\n        🍜 Food & Drinks ▾\n        Rp 1.500.000\n        Paid by: Andri\n        Split among:\n        \n          Nanda ✓\n          Mega\n          Arul ✓\n        \n        Save Expense\n      \n    \n    \n      Add Expense\n      Category dropdown, Rp amount, payer, split among","choice":"add-expense","id":null,"timestamp":1776274734382}
{"source":"user-event","type":"click","text":"TripSplit\n        Track & split trip expenses\n        + Create New Trip\n        — or —\n        \n          \n          Join\n        \n      \n    \n    \n      Home\n      Create a new trip or join one via code","choice":"home","id":null,"timestamp":1776274736164}
{"source":"user-event","type":"click","text":"Add Expense\n        🍜 Food & Drinks ▾\n        Rp 1.500.000\n        Paid by: Andri\n        Split among:\n        \n          Nanda ✓\n          Mega\n          Arul ✓\n        \n        Save Expense\n      \n    \n    \n      Add Expense\n      Category dropdown, Rp amount, payer, split among","choice":"add-expense","id":null,"timestamp":1776274737464}
{"source":"user-event","type":"click","text":"TripSplit\n        Track & split trip expenses\n        + Create New Trip\n        — or —\n        \n          \n          Join\n        \n      \n    \n    \n      Home\n      Create a new trip or join one via code","choice":"home","id":null,"timestamp":1776274738598}
{"source":"user-event","type":"click","text":"Add Expense\n        🍜 Food & Drinks ▾\n        Rp 1.500.000\n        Paid by: Andri\n        Split among:\n        \n          Nanda ✓\n          Mega\n          Arul ✓\n        \n        Save Expense\n      \n    \n    \n      Add Expense\n      Category dropdown, Rp amount, payer, split among","choice":"add-expense","id":null,"timestamp":1776274740780}
{"source":"user-event","type":"click","text":"TripSplit\n        Track & split trip expenses\n        + Create New Trip\n        — or —\n        \n          \n          Join\n        \n      \n    \n    \n      Home\n      Create a new trip or join one via code","choice":"home","id":null,"timestamp":1776274741781}
{"source":"user-event","type":"click","text":"Add Expense\n        🍜 Food & Drinks ▾\n        Rp 1.500.000\n        Paid by: Andri\n        Split among:\n        \n          Nanda ✓\n          Mega\n          Arul ✓\n        \n        Save Expense\n      \n    \n    \n      Add Expense\n      Category dropdown, Rp amount, payer, split among","choice":"add-expense","id":null,"timestamp":1776274742447}
{"source":"user-event","type":"click","text":"Bali Trip\n          + Add\n        \n        \n          🎟️ TicketsRp 1.500.000\n          Andri → Nanda, Mega, Arul, Ama\n        \n        \n          🍜 DinnerRp 350.000\n          Nanda → Mega, Arul\n        \n        View Settlement →\n      \n    \n    \n      Expense List\n      All expenses, running total, go to settlement","choice":"expense-list","id":null,"timestamp":1776274743564}
{"source":"user-event","type":"click","text":"Settlement\n        \n          \n            \n              Nanda → Andri\n              Rp 300.000\n            \n            Mark Paid\n          \n        \n        \n          \n            \n              Mega → Andri\n              Rp 375.000\n            \n            ✓ Paid\n          \n        \n      \n    \n    \n      Settlement\n      Optimized debts, mark as paid","choice":"settlement","id":null,"timestamp":1776274749380}
{"type":"screen-added","file":"/Users/nandarizkika/Documents/Project/trip_spending/.superpowers/brainstorm/81342-1776274246/content/home-screen.html"}
{"type":"screen-updated","file":"/Users/nandarizkika/Documents/Project/trip_spending/.superpowers/brainstorm/81342-1776274246/content/home-screen.html"}
{"type":"screen-updated","file":"/Users/nandarizkika/Documents/Project/trip_spending/.superpowers/brainstorm/81342-1776274246/content/home-screen.html"}
{"type":"screen-updated","file":"/Users/nandarizkika/Documents/Project/trip_spending/.superpowers/brainstorm/81342-1776274246/content/home-screen.html"}
{"source":"user-event","type":"click","text":"A\n    \n      Two actions, stacked\n      Clean separation — big \"Create\" button first, join code below. Fewer taps to get started.","choice":"a","id":null,"timestamp":1776274810200}
{"source":"user-event","type":"click","text":"B\n    \n      Tabs style\n      Create and Join on the same card with a toggle. More compact, shows the form inline.","choice":"b","id":null,"timestamp":1776274811729}
{"source":"user-event","type":"click","text":"A\n    \n      Two actions, stacked\n      Clean separation — big \"Create\" button first, join code below. Fewer taps to get started.","choice":"a","id":null,"timestamp":1776274812531}
{"source":"user-event","type":"click","text":"B\n    \n      Tabs style\n      Create and Join on the same card with a toggle. More compact, shows the form inline.","choice":"b","id":null,"timestamp":1776274815347}
{"source":"user-event","type":"click","text":"A\n    \n      Two actions, stacked\n      Clean separation — big \"Create\" button first, join code below. Fewer taps to get started.","choice":"a","id":null,"timestamp":1776274816214}
{"source":"user-event","type":"click","text":"B\n    \n      Tabs style\n      Create and Join on the same card with a toggle. More compact, shows the form inline.","choice":"b","id":null,"timestamp":1776274816846}
{"source":"user-event","type":"click","text":"A\n    \n      Two actions, stacked\n      Clean separation — big \"Create\" button first, join code below. Fewer taps to get started.","choice":"a","id":null,"timestamp":1776274817414}
{"source":"user-event","type":"click","text":"B\n    \n      Tabs style\n      Create and Join on the same card with a toggle. More compact, shows the form inline.","choice":"b","id":null,"timestamp":1776274818080}
{"source":"user-event","type":"click","text":"A\n    \n      Two actions, stacked\n      Clean separation — big \"Create\" button first, join code below. Fewer taps to get started.","choice":"a","id":null,"timestamp":1776274818979}
{"type":"screen-added","file":"/Users/nandarizkika/Documents/Project/trip_spending/.superpowers/brainstorm/81342-1776274246/content/add-expense-screen.html"}
{"type":"screen-updated","file":"/Users/nandarizkika/Documents/Project/trip_spending/.superpowers/brainstorm/81342-1776274246/content/add-expense-screen.html"}
{"type":"screen-updated","file":"/Users/nandarizkika/Documents/Project/trip_spending/.superpowers/brainstorm/81342-1776274246/content/add-expense-screen.html"}
{"type":"screen-updated","file":"/Users/nandarizkika/Documents/Project/trip_spending/.superpowers/brainstorm/81342-1776274246/content/add-expense-screen.html"}
{"type":"screen-added","file":"/Users/nandarizkika/Documents/Project/trip_spending/.superpowers/brainstorm/81342-1776274246/content/split-among-flexible.html"}
{"type":"screen-updated","file":"/Users/nandarizkika/Documents/Project/trip_spending/.superpowers/brainstorm/81342-1776274246/content/split-among-flexible.html"}
{"type":"screen-updated","file":"/Users/nandarizkika/Documents/Project/trip_spending/.superpowers/brainstorm/81342-1776274246/content/split-among-flexible.html"}
{"type":"screen-updated","file":"/Users/nandarizkika/Documents/Project/trip_spending/.superpowers/brainstorm/81342-1776274246/content/split-among-flexible.html"}
{"type":"screen-added","file":"/Users/nandarizkika/Documents/Project/trip_spending/.superpowers/brainstorm/81342-1776274246/content/expense-list-screen.html"}
{"type":"screen-updated","file":"/Users/nandarizkika/Documents/Project/trip_spending/.superpowers/brainstorm/81342-1776274246/content/expense-list-screen.html"}
{"type":"screen-updated","file":"/Users/nandarizkika/Documents/Project/trip_spending/.superpowers/brainstorm/81342-1776274246/content/expense-list-screen.html"}
{"type":"screen-updated","file":"/Users/nandarizkika/Documents/Project/trip_spending/.superpowers/brainstorm/81342-1776274246/content/expense-list-screen.html"}
{"type":"screen-added","file":"/Users/nandarizkika/Documents/Project/trip_spending/.superpowers/brainstorm/81342-1776274246/content/expense-list-v2.html"}
{"type":"screen-updated","file":"/Users/nandarizkika/Documents/Project/trip_spending/.superpowers/brainstorm/81342-1776274246/content/expense-list-v2.html"}
{"type":"screen-updated","file":"/Users/nandarizkika/Documents/Project/trip_spending/.superpowers/brainstorm/81342-1776274246/content/expense-list-v2.html"}
{"type":"screen-updated","file":"/Users/nandarizkika/Documents/Project/trip_spending/.superpowers/brainstorm/81342-1776274246/content/expense-list-v2.html"}
{"type":"screen-added","file":"/Users/nandarizkika/Documents/Project/trip_spending/.superpowers/brainstorm/81342-1776274246/content/settlement-screen.html"}
{"type":"screen-updated","file":"/Users/nandarizkika/Documents/Project/trip_spending/.superpowers/brainstorm/81342-1776274246/content/settlement-screen.html"}
{"type":"screen-updated","file":"/Users/nandarizkika/Documents/Project/trip_spending/.superpowers/brainstorm/81342-1776274246/content/settlement-screen.html"}
{"type":"screen-updated","file":"/Users/nandarizkika/Documents/Project/trip_spending/.superpowers/brainstorm/81342-1776274246/content/settlement-screen.html"}
{"type":"screen-added","file":"/Users/nandarizkika/Documents/Project/trip_spending/.superpowers/brainstorm/81342-1776274246/content/waiting.html"}
{"type":"screen-updated","file":"/Users/nandarizkika/Documents/Project/trip_spending/.superpowers/brainstorm/81342-1776274246/content/waiting.html"}
{"type":"screen-updated","file":"/Users/nandarizkika/Documents/Project/trip_spending/.superpowers/brainstorm/81342-1776274246/content/waiting.html"}
{"type":"screen-updated","file":"/Users/nandarizkika/Documents/Project/trip_spending/.superpowers/brainstorm/81342-1776274246/content/waiting.html"}
